demos/java/io/material/demo/shrine/theme/build/outputs/logs/manifest-merger-debug-report.txt
-- Merging decision tree log ---
manifest
ADDED from shrine/theme/AndroidManifest.xml:17:1-22:12
INJECTED from shrine/theme/AndroidManifest.xml:17:1-22:12
INJECTED from shrine/theme/AndroidManifest.xml:17:1-22:12
	package
		ADDED from shrine/theme/AndroidManifest.xml:18:3-42
		INJECTED from shrine/theme/AndroidManifest.xml
		INJECTED from shrine/theme/AndroidManifest.xml
	xmlns:android
		ADDED from shrine/theme/AndroidManifest.xml:17:11-69
application
ADDED from shrine/theme/AndroidManifest.xml:20:3-17
uses-sdk
INJECTED from shrine/theme/AndroidManifest.xml reason: use-sdk injection requested
INJECTED from shrine/theme/AndroidManifest.xml
INJECTED from shrine/theme/AndroidManifest.xml
INJECTED from shrine/theme/AndroidManifest.xml
INJECTED from shrine/theme/AndroidManifest.xml
	android:targetSdkVersion
		INJECTED from shrine/theme/AndroidManifest.xml
		ADDED from shrine/theme/AndroidManifest.xml
		INJECTED from shrine/theme/AndroidManifest.xml
	android:minSdkVersion
		INJECTED from shrine/theme/AndroidManifest.xml
		ADDED from shrine/theme/AndroidManifest.xml
		INJECTED from shrine/theme/AndroidManifest.xml